<?xml version="1.0" encoding="UTF-8"?>
<!-- Generated by org.testng.reporters.JUnitXMLReporter -->
<testsuite ignored="0" hostname="Prudhvirajs-Air" failures="0" tests="2" name="Surefire test" time="40.1" errors="0" timestamp="2024-02-08T13:13:32 EST">
  <testcase classname="io.cucumber.testng.AbstractTestNGCucumberTests" name="runScenario" time="32.449"/>
  <testcase classname="io.cucumber.testng.AbstractTestNGCucumberTests" name="runScenario" time="7.388"/>
</testsuite> <!-- Surefire test -->
