<?xml version="1.0" encoding="UTF-8"?>
<!-- Generated by org.testng.reporters.JUnitXMLReporter -->
<testsuite ignored="1" hostname="Raj" failures="0" tests="1" name="Default test" time="10.905" errors="0" timestamp="2024-02-14T10:28:31 PST">
  <testcase classname="SeleniumFramworkTest.ErrorValidationTest" name="productErrorValidation" time="3.974"/>
  <testcase classname="SeleniumFramworkTest.ErrorValidationTest" name="submitOrder" time="0.0">
    <ignored/>
  </testcase> <!-- submitOrder -->
</testsuite> <!-- Default test -->
