<?xml version="1.0" encoding="UTF-8"?>
<!-- Generated by org.testng.reporters.JUnitXMLReporter -->
<testsuite ignored="0" hostname="Prudhvirajs-MacBook-Air.local" failures="0" tests="4" name="Submit Order Test" time="29.766" errors="0" timestamp="2024-01-30T20:18:42 EST">
  <testcase classname="SeleniumFramworkTest.StandAloneTest" name="submitOrder" time="4.784"/>
  <testcase classname="SeleniumFramworkTest.StandAloneTest" name="submitOrder" time="4.256"/>
  <testcase classname="SeleniumFramworkTest.StandAloneTest" name="orderHistoryTest" time="0.813"/>
  <testcase classname="SeleniumFramworkTest.StandAloneTest" name="orderHistoryTest" time="0.795"/>
</testsuite> <!-- Submit Order Test -->
