<?xml version="1.0" encoding="UTF-8"?>
<!-- Generated by org.testng.reporters.JUnitXMLReporter -->
<testsuite ignored="0" hostname="Prudhvirajs-Air" failures="0" tests="2" name="Error Validation Test" time="14.805" errors="0" timestamp="2024-02-08T13:20:17 EST">
  <testcase classname="SeleniumFramworkTest.ErrorValidationTest" name="productErrorValidation" time="3.51"/>
  <testcase classname="SeleniumFramworkTest.ErrorValidationTest" name="submitOrder" time="1.009"/>
</testsuite> <!-- Error Validation Test -->
