<?xml version="1.0" encoding="UTF-8"?>
<!-- Generated by org.testng.reporters.JUnitXMLReporter -->
<testsuite ignored="0" hostname="Prudhvirajs-Air" failures="0" tests="4" name="Submit Order Test" time="31.044" errors="0" timestamp="2024-02-08T13:20:33 EST">
  <testcase classname="SeleniumFramworkTest.StandAloneTest" name="submitOrder" time="4.646"/>
  <testcase classname="SeleniumFramworkTest.StandAloneTest" name="submitOrder" time="4.145"/>
  <testcase classname="SeleniumFramworkTest.StandAloneTest" name="orderHistoryTest" time="0.814"/>
  <testcase classname="SeleniumFramworkTest.StandAloneTest" name="orderHistoryTest" time="0.824"/>
</testsuite> <!-- Submit Order Test -->
