<?xml version="1.0" encoding="UTF-8"?>
<testng-results ignored="0" total="1" passed="1" failed="0" skipped="0">
  <reporter-output>
  </reporter-output>
  <suite started-at="2024-02-14T10:28:20 PST" name="Default suite" finished-at="2024-02-14T10:28:31 PST" duration-ms="10905">
    <groups>
    </groups>
    <test started-at="2024-02-14T10:28:20 PST" name="Default test" finished-at="2024-02-14T10:28:31 PST" duration-ms="10905">
      <class name="SeleniumFramworkTest.ErrorValidationTest">
        <test-method is-config="true" signature="launchApplication()[pri:0, instance:SeleniumFramworkTest.ErrorValidationTest@78691363]" started-at="2024-02-14T10:28:20 PST" name="launchApplication" finished-at="2024-02-14T10:28:26 PST" duration-ms="6711" status="PASS">
          <reporter-output>
          </reporter-output>
        </test-method> <!-- launchApplication -->
        <test-method signature="productErrorValidation()[pri:0, instance:SeleniumFramworkTest.ErrorValidationTest@78691363]" started-at="2024-02-14T10:28:26 PST" name="productErrorValidation" finished-at="2024-02-14T10:28:30 PST" duration-ms="3974" status="PASS">
          <reporter-output>
          </reporter-output>
        </test-method> <!-- productErrorValidation -->
        <test-method is-config="true" signature="tearDown()[pri:0, instance:SeleniumFramworkTest.ErrorValidationTest@78691363]" started-at="2024-02-14T10:28:30 PST" name="tearDown" finished-at="2024-02-14T10:28:31 PST" duration-ms="178" status="PASS">
          <reporter-output>
          </reporter-output>
        </test-method> <!-- tearDown -->
      </class> <!-- SeleniumFramworkTest.ErrorValidationTest -->
    </test> <!-- Default test -->
  </suite> <!-- Default suite -->
</testng-results>
